Flow report for project4
Wed May  1 23:36:11 2024
Quartus Prime Version 23.1std.0 Build 991 11/28/2023 SC Lite Edition


---------------------
; Table of Contents ;
---------------------
  1. Legal Notice
  2. Flow Summary
  3. Flow Settings
  4. Flow Non-Default Global Settings
  5. Flow Elapsed Time
  6. Flow OS Summary
  7. Flow Log
  8. Flow Messages
  9. Flow Suppressed Messages



----------------
; Legal Notice ;
----------------
Copyright (C) 2023  Intel Corporation. All rights reserved.
Your use of Intel Corporation's design tools, logic functions 
and other software and tools, and any partner logic 
functions, and any output files from any of the foregoing 
(including device programming or simulation files), and any 
associated documentation or information are expressly subject 
to the terms and conditions of the Intel Program License 
Subscription Agreement, the Intel Quartus Prime License Agreement,
the Intel FPGA IP License Agreement, or other applicable license
agreement, including, without limitation, that your use is for
the sole purpose of programming logic devices manufactured by
Intel and sold by Intel or its authorized distributors.  Please
refer to the applicable agreement for further details, at
https://fpgasoftware.intel.com/eula.



+----------------------------------------------------------------------------------+
; Flow Summary                                                                     ;
+---------------------------------+------------------------------------------------+
; Flow Status                     ; Successful - Wed May  1 23:36:11 2024          ;
; Quartus Prime Version           ; 23.1std.0 Build 991 11/28/2023 SC Lite Edition ;
; Revision Name                   ; project4                                       ;
; Top-level Entity Name           ; project4                                       ;
; Family                          ; Cyclone V                                      ;
; Device                          ; 5CSEMA5F31C6                                   ;
; Timing Models                   ; Final                                          ;
; Logic utilization (in ALMs)     ; 285 / 32,070 ( < 1 % )                         ;
; Total registers                 ; 563                                            ;
; Total pins                      ; 163 / 457 ( 36 % )                             ;
; Total virtual pins              ; 0                                              ;
; Total block memory bits         ; 0 / 4,065,280 ( 0 % )                          ;
; Total DSP Blocks                ; 0 / 87 ( 0 % )                                 ;
; Total HSSI RX PCSs              ; 0                                              ;
; Total HSSI PMA RX Deserializers ; 0                                              ;
; Total HSSI TX PCSs              ; 0                                              ;
; Total HSSI PMA TX Serializers   ; 0                                              ;
; Total PLLs                      ; 0 / 6 ( 0 % )                                  ;
; Total DLLs                      ; 1 / 4 ( 25 % )                                 ;
+---------------------------------+------------------------------------------------+


+-----------------------------------------+
; Flow Settings                           ;
+-------------------+---------------------+
; Option            ; Setting             ;
+-------------------+---------------------+
; Start date & time ; 05/01/2024 23:31:45 ;
; Main task         ; Compilation         ;
; Revision Name     ; project4            ;
+-------------------+---------------------+


+------------------------------------------------------------------------------------------------------------------------------------------------------------------------------------------------------------------------------------+
; Flow Non-Default Global Settings                                                                                                                                                                                                   ;
+---------------------------------------+-----------------------------------------------------------------------------+--------------------------------------+-----------------------------------+-----------------------------------+
; Assignment Name                       ; Value                                                                       ; Default Value                        ; Entity Name                       ; Section Id                        ;
+---------------------------------------+-----------------------------------------------------------------------------+--------------------------------------+-----------------------------------+-----------------------------------+
; COMPILER_SIGNATURE_ID                 ; 53447174191036.171462070522868                                              ; --                                   ; --                                ; --                                ;
; ECO_REGENERATE_REPORT                 ; On                                                                          ; Off                                  ; --                                ; --                                ;
; EDA_GENERATE_FUNCTIONAL_NETLIST       ; Off                                                                         ; --                                   ; --                                ; eda_board_design_timing           ;
; EDA_GENERATE_FUNCTIONAL_NETLIST       ; Off                                                                         ; --                                   ; --                                ; eda_board_design_boundary_scan    ;
; EDA_GENERATE_FUNCTIONAL_NETLIST       ; Off                                                                         ; --                                   ; --                                ; eda_board_design_signal_integrity ;
; EDA_GENERATE_FUNCTIONAL_NETLIST       ; Off                                                                         ; --                                   ; --                                ; eda_board_design_symbol           ;
; EDA_OUTPUT_DATA_FORMAT                ; Verilog Hdl                                                                 ; --                                   ; --                                ; eda_simulation                    ;
; EDA_SIMULATION_TOOL                   ; Questa Intel FPGA (Verilog)                                                 ; <None>                               ; --                                ; --                                ;
; EDA_TIME_SCALE                        ; 1 ps                                                                        ; --                                   ; --                                ; eda_simulation                    ;
; HPS_ISW_FILE                          ; soc_calc_base/synthesis/submodules/sequencer/alt_types.pre.h                ; --                                   ; soc_calc_base_hps_0_hps_io_border ; --                                ;
; HPS_ISW_FILE                          ; soc_calc_base/synthesis/submodules/sequencer/emif.pre.xml                   ; --                                   ; soc_calc_base_hps_0_hps_io_border ; --                                ;
; HPS_ISW_FILE                          ; soc_calc_base/synthesis/submodules/sequencer/sdram_io.pre.h                 ; --                                   ; soc_calc_base_hps_0_hps_io_border ; --                                ;
; HPS_ISW_FILE                          ; soc_calc_base/synthesis/submodules/sequencer/sequencer.pre.c                ; --                                   ; soc_calc_base_hps_0_hps_io_border ; --                                ;
; HPS_ISW_FILE                          ; soc_calc_base/synthesis/submodules/sequencer/sequencer.pre.h                ; --                                   ; soc_calc_base_hps_0_hps_io_border ; --                                ;
; HPS_ISW_FILE                          ; soc_calc_base/synthesis/submodules/sequencer/sequencer_auto.pre.h           ; --                                   ; soc_calc_base_hps_0_hps_io_border ; --                                ;
; HPS_ISW_FILE                          ; soc_calc_base/synthesis/submodules/sequencer/sequencer_auto_ac_init.pre.c   ; --                                   ; soc_calc_base_hps_0_hps_io_border ; --                                ;
; HPS_ISW_FILE                          ; soc_calc_base/synthesis/submodules/sequencer/sequencer_auto_inst_init.pre.c ; --                                   ; soc_calc_base_hps_0_hps_io_border ; --                                ;
; HPS_ISW_FILE                          ; soc_calc_base/synthesis/submodules/sequencer/sequencer_defines.pre.h        ; --                                   ; soc_calc_base_hps_0_hps_io_border ; --                                ;
; HPS_ISW_FILE                          ; soc_calc_base/synthesis/submodules/sequencer/system.pre.h                   ; --                                   ; soc_calc_base_hps_0_hps_io_border ; --                                ;
; HPS_ISW_FILE                          ; soc_calc_base/synthesis/submodules/sequencer/tclrpt.pre.c                   ; --                                   ; soc_calc_base_hps_0_hps_io_border ; --                                ;
; HPS_ISW_FILE                          ; soc_calc_base/synthesis/submodules/sequencer/tclrpt.pre.h                   ; --                                   ; soc_calc_base_hps_0_hps_io_border ; --                                ;
; HPS_ISW_FILE                          ; soc_calc_base/synthesis/submodules/hps.pre.xml                              ; --                                   ; soc_calc_base_hps_0_hps_io_border ; --                                ;
; HPS_PARTITION                         ; On                                                                          ; --                                   ; soc_calc_base_hps_0_hps_io_border ; --                                ;
; MAX_CORE_JUNCTION_TEMP                ; 85                                                                          ; --                                   ; --                                ; --                                ;
; MIN_CORE_JUNCTION_TEMP                ; 0                                                                           ; --                                   ; --                                ; --                                ;
; MISC_FILE                             ; soc_calc_base/synthesis/../soc_calc_base.cmp                                ; --                                   ; --                                ; --                                ;
; MISC_FILE                             ; soc_calc_base/synthesis/../../C                                             ; --                                   ; --                                ; --                                ;
; MISC_FILE                             ; soc_calc_base/synthesis/soc_calc_base_hps_0_hps.svd                         ; --                                   ; --                                ; --                                ;
; MISC_FILE                             ; soc_calc_base/synthesis/../../soc_calc_base.qsys                            ; --                                   ; --                                ; --                                ;
; MISC_FILE                             ; soc_calc_base/synthesis/submodules/sequencer/alt_types.pre.h                ; --                                   ; --                                ; --                                ;
; MISC_FILE                             ; soc_calc_base/synthesis/submodules/sequencer/emif.pre.xml                   ; --                                   ; --                                ; --                                ;
; MISC_FILE                             ; soc_calc_base/synthesis/submodules/sequencer/sdram_io.pre.h                 ; --                                   ; --                                ; --                                ;
; MISC_FILE                             ; soc_calc_base/synthesis/submodules/sequencer/sequencer.pre.c                ; --                                   ; --                                ; --                                ;
; MISC_FILE                             ; soc_calc_base/synthesis/submodules/sequencer/sequencer.pre.h                ; --                                   ; --                                ; --                                ;
; MISC_FILE                             ; soc_calc_base/synthesis/submodules/sequencer/sequencer_auto.pre.h           ; --                                   ; --                                ; --                                ;
; MISC_FILE                             ; soc_calc_base/synthesis/submodules/sequencer/sequencer_auto_ac_init.pre.c   ; --                                   ; --                                ; --                                ;
; MISC_FILE                             ; soc_calc_base/synthesis/submodules/sequencer/sequencer_auto_inst_init.pre.c ; --                                   ; --                                ; --                                ;
; MISC_FILE                             ; soc_calc_base/synthesis/submodules/sequencer/sequencer_defines.pre.h        ; --                                   ; --                                ; --                                ;
; MISC_FILE                             ; soc_calc_base/synthesis/submodules/sequencer/system.pre.h                   ; --                                   ; --                                ; --                                ;
; MISC_FILE                             ; soc_calc_base/synthesis/submodules/sequencer/tclrpt.pre.c                   ; --                                   ; --                                ; --                                ;
; MISC_FILE                             ; soc_calc_base/synthesis/submodules/sequencer/tclrpt.pre.h                   ; --                                   ; --                                ; --                                ;
; MISC_FILE                             ; soc_calc_base/synthesis/submodules/hps.pre.xml                              ; --                                   ; --                                ; --                                ;
; PARTITION_COLOR                       ; -- (Not supported for targeted family)                                      ; --                                   ; --                                ; Top                               ;
; PARTITION_FITTER_PRESERVATION_LEVEL   ; -- (Not supported for targeted family)                                      ; --                                   ; --                                ; Top                               ;
; PARTITION_NETLIST_TYPE                ; -- (Not supported for targeted family)                                      ; --                                   ; --                                ; Top                               ;
; POWER_BOARD_THERMAL_MODEL             ; None (CONSERVATIVE)                                                         ; --                                   ; --                                ; --                                ;
; POWER_PRESET_COOLING_SOLUTION         ; 23 MM HEAT SINK WITH 200 LFPM AIRFLOW                                       ; --                                   ; --                                ; --                                ;
; PROJECT_IP_REGENERATION_POLICY        ; ALWAYS_REGENERATE_IP                                                        ; SKIP_REGENERATING_IP_IF_HDL_MODIFIED ; --                                ; --                                ;
; PROJECT_OUTPUT_DIRECTORY              ; output_files                                                                ; --                                   ; --                                ; --                                ;
; SLD_FILE                              ; soc_calc_base/synthesis/soc_calc_base.regmap                                ; --                                   ; --                                ; --                                ;
; SLD_FILE                              ; soc_calc_base/synthesis/soc_calc_base.debuginfo                             ; --                                   ; --                                ; --                                ;
; SLD_INFO                              ; QSYS_NAME soc_calc_base HAS_SOPCINFO 1 GENERATION_ID 1714619230             ; --                                   ; soc_calc_base                     ; --                                ;
; SOPCINFO_FILE                         ; soc_calc_base/synthesis/../../soc_calc_base.sopcinfo                        ; --                                   ; --                                ; --                                ;
; SYNTHESIS_ONLY_QIP                    ; On                                                                          ; --                                   ; --                                ; --                                ;
; USE_DLL_FREQUENCY_FOR_DQS_DELAY_CHAIN ; On                                                                          ; Off                                  ; --                                ; --                                ;
+---------------------------------------+-----------------------------------------------------------------------------+--------------------------------------+-----------------------------------+-----------------------------------+


+--------------------------------------------------------------------------------------------------------------------------+
; Flow Elapsed Time                                                                                                        ;
+----------------------+--------------+-------------------------+---------------------+------------------------------------+
; Module Name          ; Elapsed Time ; Average Processors Used ; Peak Virtual Memory ; Total CPU Time (on all processors) ;
+----------------------+--------------+-------------------------+---------------------+------------------------------------+
; Analysis & Synthesis ; 00:00:17     ; 1.0                     ; 5042 MB             ; 00:00:30                           ;
; Fitter               ; 00:01:34     ; 1.0                     ; 7353 MB             ; 00:03:58                           ;
; Assembler            ; 00:00:10     ; 1.0                     ; 4893 MB             ; 00:00:09                           ;
; Total                ; 00:02:01     ; --                      ; --                  ; 00:04:37                           ;
+----------------------+--------------+-------------------------+---------------------+------------------------------------+


+------------------------------------------------------------------------------------+
; Flow OS Summary                                                                    ;
+----------------------+------------------+------------+------------+----------------+
; Module Name          ; Machine Hostname ; OS Name    ; OS Version ; Processor type ;
+----------------------+------------------+------------+------------+----------------+
; Analysis & Synthesis ; DESKTOP-MIBL77E  ; Windows 10 ; 10.0       ; x86_64         ;
; Fitter               ; DESKTOP-MIBL77E  ; Windows 10 ; 10.0       ; x86_64         ;
; Assembler            ; DESKTOP-MIBL77E  ; Windows 10 ; 10.0       ; x86_64         ;
+----------------------+------------------+------------+------------+----------------+


------------
; Flow Log ;
------------
quartus_map --read_settings_files=on --write_settings_files=off project4 -c project4
quartus_fit --read_settings_files=off --write_settings_files=off project4 -c project4
quartus_asm --read_settings_files=off --write_settings_files=off project4 -c project4



